<?xml version="1.0" encoding="UTF-8"?>
<testsuite name="com.deco2800.marswars.entities.items.WeaponTest" tests="9" skipped="0" failures="0" errors="0" timestamp="2017-10-22T17:32:20" hostname="freddys-MacBook-Pro.local" time="0.002">
  <properties/>
  <testcase name="weaponTypeTest" classname="com.deco2800.marswars.entities.items.WeaponTest" time="0.0"/>
  <testcase name="getWeaponRange" classname="com.deco2800.marswars.entities.items.WeaponTest" time="0.001"/>
  <testcase name="getWeaponSpeed" classname="com.deco2800.marswars.entities.items.WeaponTest" time="0.0"/>
  <testcase name="getItemType" classname="com.deco2800.marswars.entities.items.WeaponTest" time="0.0"/>
  <testcase name="getTexture" classname="com.deco2800.marswars.entities.items.WeaponTest" time="0.0"/>
  <testcase name="getName" classname="com.deco2800.marswars.entities.items.WeaponTest" time="0.0"/>
  <testcase name="ConstructorTest" classname="com.deco2800.marswars.entities.items.WeaponTest" time="0.0"/>
  <testcase name="getWeaponDamage" classname="com.deco2800.marswars.entities.items.WeaponTest" time="0.0"/>
  <testcase name="getDescription" classname="com.deco2800.marswars.entities.items.WeaponTest" time="0.001"/>
  <system-out><![CDATA[]]></system-out>
  <system-err><![CDATA[]]></system-err>
</testsuite>
