<?xml version="1.0" encoding="UTF-8"?>
<testsuite name="com.deco2800.marswars.entities.SpacmanTest" tests="6" skipped="0" failures="0" errors="0" timestamp="2017-09-24T16:34:49" hostname="freddys-MacBook-Pro.local" time="0.043">
  <properties/>
  <testcase name="onClickTest" classname="com.deco2800.marswars.entities.SpacmanTest" time="0.038"/>
  <testcase name="constructorTest" classname="com.deco2800.marswars.entities.SpacmanTest" time="0.001"/>
  <testcase name="setPositionTest" classname="com.deco2800.marswars.entities.SpacmanTest" time="0.001"/>
  <testcase name="backPackTest" classname="com.deco2800.marswars.entities.SpacmanTest" time="0.001"/>
  <testcase name="healthTest" classname="com.deco2800.marswars.entities.SpacmanTest" time="0.0"/>
  <testcase name="actionTest" classname="com.deco2800.marswars.entities.SpacmanTest" time="0.0"/>
  <system-out><![CDATA[]]></system-out>
  <system-err><![CDATA[]]></system-err>
</testsuite>
