<?xml version="1.0" encoding="UTF-8"?>
<testsuite name="com.deco2800.marswars.FogWarTest" tests="4" skipped="0" failures="0" errors="0" timestamp="2017-10-22T17:32:19" hostname="freddys-MacBook-Pro.local" time="0.008">
  <properties/>
  <testcase name="invalidLength" classname="com.deco2800.marswars.FogWarTest" time="0.0"/>
  <testcase name="fogWorld" classname="com.deco2800.marswars.FogWarTest" time="0.003"/>
  <testcase name="invalidWidth" classname="com.deco2800.marswars.FogWarTest" time="0.001"/>
  <testcase name="toggleFog" classname="com.deco2800.marswars.FogWarTest" time="0.004"/>
  <system-out><![CDATA[]]></system-out>
  <system-err><![CDATA[]]></system-err>
</testsuite>
