<?xml version="1.0" encoding="UTF-8"?>
<testsuite name="com.deco2800.marswars.ResourceManagerTest" tests="3" skipped="0" failures="0" errors="0" timestamp="2017-10-22T17:32:19" hostname="freddys-MacBook-Pro.local" time="0.021">
  <properties/>
  <testcase name="biomassTest" classname="com.deco2800.marswars.ResourceManagerTest" time="0.02"/>
  <testcase name="crystalTest" classname="com.deco2800.marswars.ResourceManagerTest" time="0.0"/>
  <testcase name="rocksTest" classname="com.deco2800.marswars.ResourceManagerTest" time="0.0"/>
  <system-out><![CDATA[]]></system-out>
  <system-err><![CDATA[]]></system-err>
</testsuite>
