<?xml version="1.0" encoding="UTF-8"?>
<testsuite name="com.deco2800.marswars.BackgroundManagerTest" tests="1" skipped="1" failures="0" errors="0" timestamp="2017-10-22T17:32:19" hostname="freddys-MacBook-Pro.local" time="0.0">
  <properties/>
  <testcase name="correctBackgrounds" classname="com.deco2800.marswars.BackgroundManagerTest" time="0.0">
    <skipped/>
  </testcase>
  <system-out><![CDATA[]]></system-out>
  <system-err><![CDATA[]]></system-err>
</testsuite>
