<?xml version="1.0" encoding="UTF-8"?>
<testsuite name="com.deco2800.marswars.GatheredResourceTest" tests="1" skipped="0" failures="0" errors="0" timestamp="2017-10-22T17:32:15" hostname="freddys-MacBook-Pro.local" time="0.002">
  <properties/>
  <testcase name="constructorTest" classname="com.deco2800.marswars.GatheredResourceTest" time="0.002"/>
  <system-out><![CDATA[]]></system-out>
  <system-err><![CDATA[]]></system-err>
</testsuite>
