<?xml version="1.0" encoding="UTF-8"?>
<testsuite name="com.deco2800.marswars.TerrainElementTest" tests="1" skipped="0" failures="0" errors="0" timestamp="2017-10-22T17:32:18" hostname="freddys-MacBook-Pro.local" time="0.001">
  <properties/>
  <testcase name="checkTerrain" classname="com.deco2800.marswars.TerrainElementTest" time="0.001"/>
  <system-out><![CDATA[]]></system-out>
  <system-err><![CDATA[]]></system-err>
</testsuite>
