<?xml version="1.0" encoding="UTF-8"?>
<testsuite name="com.deco2800.marswars.worlds.map.tools.RandomMapWriterTest" tests="3" skipped="0" failures="0" errors="0" timestamp="2017-10-22T17:32:19" hostname="freddys-MacBook-Pro.local" time="0.096">
  <properties/>
  <testcase name="constructorTest" classname="com.deco2800.marswars.worlds.map.tools.RandomMapWriterTest" time="0.021"/>
  <testcase name="testWritingMap" classname="com.deco2800.marswars.worlds.map.tools.RandomMapWriterTest" time="0.017"/>
  <testcase name="testLoadingMap" classname="com.deco2800.marswars.worlds.map.tools.RandomMapWriterTest" time="0.056"/>
  <system-out><![CDATA[]]></system-out>
  <system-err><![CDATA[]]></system-err>
</testsuite>
