<?xml version="1.0" encoding="UTF-8"?>
<testsuite name="com.deco2800.marswars.AiManagerTest" tests="6" skipped="0" failures="0" errors="0" timestamp="2017-10-22T17:32:18" hostname="freddys-MacBook-Pro.local" time="0.007">
  <properties/>
  <testcase name="getStateIndexTest" classname="com.deco2800.marswars.AiManagerTest" time="0.002"/>
  <testcase name="killTest" classname="com.deco2800.marswars.AiManagerTest" time="0.0"/>
  <testcase name="getAiTeamTest" classname="com.deco2800.marswars.AiManagerTest" time="0.0"/>
  <testcase name="decideChangeStateTest" classname="com.deco2800.marswars.AiManagerTest" time="0.001"/>
  <testcase name="stateChangeTest" classname="com.deco2800.marswars.AiManagerTest" time="0.0"/>
  <testcase name="tickLockTest" classname="com.deco2800.marswars.AiManagerTest" time="0.0"/>
  <system-out><![CDATA[]]></system-out>
  <system-err><![CDATA[]]></system-err>
</testsuite>
