<?xml version="1.0" encoding="UTF-8"?>
<testsuite name="com.deco2800.marswars.entities.CheckSelectTest" tests="4" skipped="0" failures="0" errors="0" timestamp="2017-10-22T17:32:20" hostname="freddys-MacBook-Pro.local" time="0.002">
  <properties/>
  <testcase name="checkGreen" classname="com.deco2800.marswars.entities.CheckSelectTest" time="0.001"/>
  <testcase name="checkNotLimitedBuildingConstructor" classname="com.deco2800.marswars.entities.CheckSelectTest" time="0.001"/>
  <testcase name="checkConstructor" classname="com.deco2800.marswars.entities.CheckSelectTest" time="0.0"/>
  <testcase name="checkRed" classname="com.deco2800.marswars.entities.CheckSelectTest" time="0.0"/>
  <system-out><![CDATA[]]></system-out>
  <system-err><![CDATA[]]></system-err>
</testsuite>
