<?xml version="1.0" encoding="UTF-8"?>
<testsuite name="com.deco2800.marswars.ResourceTest" tests="5" skipped="0" failures="0" errors="0" timestamp="2017-10-22T17:32:20" hostname="freddys-MacBook-Pro.local" time="0.001">
  <properties/>
  <testcase name="harvesterTest" classname="com.deco2800.marswars.ResourceTest" time="0.0"/>
  <testcase name="constructorTest" classname="com.deco2800.marswars.ResourceTest" time="0.0"/>
  <testcase name="storageTest" classname="com.deco2800.marswars.ResourceTest" time="0.0"/>
  <testcase name="removedTest" classname="com.deco2800.marswars.ResourceTest" time="0.001"/>
  <testcase name="storageStateTest" classname="com.deco2800.marswars.ResourceTest" time="0.0"/>
  <system-out><![CDATA[]]></system-out>
  <system-err><![CDATA[]]></system-err>
</testsuite>
