<?xml version="1.0" encoding="UTF-8"?>
<testsuite name="com.deco2800.marswars.entities.items.SpecialTest" tests="6" skipped="0" failures="0" errors="0" timestamp="2017-10-22T17:32:21" hostname="freddys-MacBook-Pro.local" time="0.004">
  <properties/>
  <testcase name="constructorTest" classname="com.deco2800.marswars.entities.items.SpecialTest" time="0.001"/>
  <testcase name="getUse" classname="com.deco2800.marswars.entities.items.SpecialTest" time="0.0"/>
  <testcase name="getItemType" classname="com.deco2800.marswars.entities.items.SpecialTest" time="0.001"/>
  <testcase name="useEffect" classname="com.deco2800.marswars.entities.items.SpecialTest" time="0.001"/>
  <testcase name="specialTypeTest" classname="com.deco2800.marswars.entities.items.SpecialTest" time="0.001"/>
  <testcase name="getDescription" classname="com.deco2800.marswars.entities.items.SpecialTest" time="0.0"/>
  <system-out><![CDATA[]]></system-out>
  <system-err><![CDATA[]]></system-err>
</testsuite>
