<?xml version="1.0" encoding="UTF-8"?>
<testsuite name="com.deco2800.marswars.PlayerAiInteractionTest" tests="3" skipped="0" failures="0" errors="0" timestamp="2017-10-22T17:32:19" hostname="freddys-MacBook-Pro.local" time="0.001">
  <properties/>
  <testcase name="AiPlayerSameTeam" classname="com.deco2800.marswars.PlayerAiInteractionTest" time="0.0"/>
  <testcase name="AiPlayerDifferentTeams" classname="com.deco2800.marswars.PlayerAiInteractionTest" time="0.0"/>
  <testcase name="AiPlayerTeams" classname="com.deco2800.marswars.PlayerAiInteractionTest" time="0.0"/>
  <system-out><![CDATA[]]></system-out>
  <system-err><![CDATA[]]></system-err>
</testsuite>
