<?xml version="1.0" encoding="UTF-8"?>
<testsuite name="com.deco2800.marswars.HasOwnerTest" tests="4" skipped="0" failures="0" errors="0" timestamp="2017-10-22T17:32:19" hostname="freddys-MacBook-Pro.local" time="0.002">
  <properties/>
  <testcase name="DecoActionTest" classname="com.deco2800.marswars.HasOwnerTest" time="0.001"/>
  <testcase name="SameOnwerTest" classname="com.deco2800.marswars.HasOwnerTest" time="0.0"/>
  <testcase name="isAiTest" classname="com.deco2800.marswars.HasOwnerTest" time="0.0"/>
  <testcase name="TestEntityTest" classname="com.deco2800.marswars.HasOwnerTest" time="0.0"/>
  <system-out><![CDATA[]]></system-out>
  <system-err><![CDATA[Exception in thread "Thread-6" java.lang.NullPointerException
	at com.deco2800.marswars.util.PathfindingThread.run(PathfindingThread.java:36)
	at java.lang.Thread.run(Thread.java:748)
]]></system-err>
</testsuite>
