<?xml version="1.0" encoding="UTF-8"?>
<testsuite name="com.deco2800.marswars.ColourTest" tests="4" skipped="0" failures="0" errors="0" timestamp="2017-10-22T17:32:19" hostname="freddys-MacBook-Pro.local" time="0.004">
  <properties/>
  <testcase name="colourTolidgxTest" classname="com.deco2800.marswars.ColourTest" time="0.003"/>
  <testcase name="setTwoColoursTest" classname="com.deco2800.marswars.ColourTest" time="0.0"/>
  <testcase name="colourToStringTest" classname="com.deco2800.marswars.ColourTest" time="0.0"/>
  <testcase name="setColourTest" classname="com.deco2800.marswars.ColourTest" time="0.001"/>
  <system-out><![CDATA[]]></system-out>
  <system-err><![CDATA[]]></system-err>
</testsuite>
