<?xml version="1.0" encoding="UTF-8"?>
<testsuite name="com.deco2800.marswars.heros.InventoryTest" tests="6" skipped="0" failures="0" errors="0" timestamp="2017-10-22T17:32:18" hostname="freddys-MacBook-Pro.local" time="0.021">
  <properties/>
  <testcase name="testReducedDefenceStatRemoveArmour" classname="com.deco2800.marswars.heros.InventoryTest" time="0.002"/>
  <testcase name="testAddMaxSpecialItems" classname="com.deco2800.marswars.heros.InventoryTest" time="0.0"/>
  <testcase name="testInitialInventory" classname="com.deco2800.marswars.heros.InventoryTest" time="0.0"/>
  <testcase name="testEquality" classname="com.deco2800.marswars.heros.InventoryTest" time="0.001"/>
  <testcase name="testAddDiffWeaponToInventory" classname="com.deco2800.marswars.heros.InventoryTest" time="0.013"/>
  <testcase name="testReducedOffenceStatRemoveArmour" classname="com.deco2800.marswars.heros.InventoryTest" time="0.0"/>
  <system-out><![CDATA[]]></system-out>
  <system-err><![CDATA[]]></system-err>
</testsuite>
